<?xml version="1.0" encoding="UTF-8"?>
<!-- Generated by org.testng.reporters.JUnitReportReporter -->
<testsuite hostname="EPINHYDW0878" failures="0" tests="6" name="tests.CalculatorPageTests" time="98.553" errors="0" timestamp="2022-08-04T17:02:05 IST" skipped="0">
  <testcase classname="tests.CalculatorPageTests" name="checkInformationInVmClassStrings" time="0.106"/>
  <system-out/>
  <testcase classname="tests.CalculatorPageTests" name="checkLocalSsdSpace2x375Gib" time="0.019"/>
  <system-out/>
  <testcase classname="tests.CalculatorPageTests" name="checkInformationInInstanceTypeIncludeN1Standard8" time="0.027"/>
  <system-out/>
  <testcase classname="tests.CalculatorPageTests" name="checkCommitmentTermOneYear" time="0.036"/>
  <system-out/>
  <testcase classname="tests.CalculatorPageTests" name="checkRegionIsFrankfurt" time="0.016"/>
  <system-out/>
  <testcase classname="tests.CalculatorPageTests" name="checkInformationInVmClassString" time="98.349"/>
  <system-out/>
</testsuite> <!-- tests.CalculatorPageTests -->
